<?xml version="1.0" encoding="UTF-8"?>
<!-- Generated by org.testng.reporters.JUnitReportReporter -->
<testsuite hostname="DESKTOP-Q4NQ75O" failures="0" tests="1" name="one.see" time="52.910" errors="0" timestamp="2023-04-07T22:27:40 IST" skipped="0">
  <testcase classname="one.see" name="tes" time="52.910"/>
  <system-out/>
</testsuite> <!-- one.see -->
